<?xml version="1.0" encoding="UTF-8"?>
<!-- Generated by org.testng.reporters.JUnitReportReporter -->
<testsuite skipped="0" hostname="Apples-MacBook-Air.local" name="leaf.leads.CreateLead" tests="1" failures="0" timestamp="01 Jul 2018 07:34:12 GMT" time="15.444" errors="0">
  <testcase name="createLead" time="15.444" classname="leaf.leads.CreateLead"/>
</testsuite> <!-- leaf.leads.CreateLead -->
